<?xml version="1.0" encoding="UTF-8"?>
<!-- Generated by org.testng.reporters.JUnitReportReporter -->
<testsuite hostname="LAPTOP-JG3IOG6P" name="GoogleTest" tests="1" failures="0" timestamp="4 Nov 2016 02:01:06 GMT" time="29.154" errors="0">
  <testcase name="testGoogle" time="29.154" classname="GoogleTest"/>
</testsuite> <!-- GoogleTest -->
